sonic3.compute
30 8192 1 0.0061057743 
30 8192 2 0.0026454850 
30 8192 3 0.0026925219 
30 16384 1 0.0049145112 
30 16384 2 0.0025065898 
30 16384 3 0.0049344900 
30 24576 1 0.0071070251 
30 24576 2 0.0035871151 
30 24576 3 0.0107978927 
30 32768 1 0.0154044346 
30 32768 2 0.0043235844 
30 32768 3 0.0142050794 
30 40960 1 0.0175782965 
30 40960 2 0.0055258286 
30 40960 3 0.0146272385 
30 49152 1 0.0126812301 
30 49152 2 0.0045199599 
30 49152 3 0.0155547257 
30 57344 1 0.0241825351 
30 57344 2 0.0067915131 
30 57344 3 0.0228270446 
30 65536 1 0.0046583568 
30 65536 2 0.0034709289 
30 65536 3 0.0030160801 
30 73728 1 0.0076369899 
30 73728 2 0.0053633158 
30 73728 3 0.0022872542 
30 81920 1 0.0059938274 
30 81920 2 0.0058328878 
30 81920 3 0.0024450702 
30 90112 1 0.0061408777 
30 90112 2 0.0095374835 
30 90112 3 0.0082263875 
30 98304 1 0.0071956070 
30 98304 2 0.0038742319 
30 98304 3 0.0048987096 
30 106496 1 0.0053093851 
30 106496 2 0.0056971432 
30 106496 3 0.0034512568 
30 114688 1 0.0051063228 
30 114688 2 0.0064030388 
30 114688 3 0.0024989388 
30 122880 1 0.0061132356 
30 122880 2 0.0060031957 
30 122880 3 0.0044444472 
30 131072 1 0.0057170632 
30 131072 2 0.0077476846 
30 131072 3 0.0036360222 
30 139264 1 0.0092527986 
30 139264 2 0.0079789677 
30 139264 3 0.0064639929 
30 147456 1 0.0092361051 
30 147456 2 0.0116127986 
30 147456 3 0.0048697785 
30 155648 1 0.0158823816 
30 155648 2 0.0066661708 
30 155648 3 0.0052058081 
30 163840 1 0.0056414486 
30 163840 2 0.0078618084 
30 163840 3 0.0050092663 
30 172032 1 0.0074044026 
30 172032 2 0.0070910036 
30 172032 3 0.0046112514 
30 180224 1 0.0093102139 
30 180224 2 0.0079831891 
30 180224 3 0.0064672277 
30 188416 1 0.0079084288 
30 188416 2 0.0108095560 
30 188416 3 0.0057772698 
30 196608 1 0.0145174868 
30 196608 2 0.0131104148 
30 196608 3 0.0054600775 
30 204800 1 0.0072649087 
30 204800 2 0.0081805960 
30 204800 3 0.0043412771 
30 212992 1 0.0065067616 
30 212992 2 0.0088126114 
30 212992 3 0.0036675679 
30 221184 1 0.0060940835 
30 221184 2 0.0082224777 
30 221184 3 0.0083010137 
30 229376 1 0.0095243678 
30 229376 2 0.0142927024 
30 229376 3 0.0065662757 
30 237568 1 0.0100982489 
30 237568 2 0.0110648246 
30 237568 3 0.0056551445 
30 245760 1 0.0097107995 
30 245760 2 0.0116295178 
30 245760 3 0.0058383045 
30 253952 1 0.0099377281 
30 253952 2 0.0115119403 
30 253952 3 0.0090531459 
30 262144 1 0.0171630989 
30 262144 2 0.0165320442 
30 262144 3 0.0134569877 
30 270336 1 0.0121660021 
30 270336 2 0.0113517539 
30 270336 3 0.0041966129 
30 278528 1 0.0055751012 
30 278528 2 0.0088335402 
30 278528 3 0.0041320016 
30 286720 1 0.0067263572 
30 286720 2 0.0115981924 
30 286720 3 0.0087449698 
30 294912 1 0.0104268149 
30 294912 2 0.0179287287 
30 294912 3 0.0094281034 
30 303104 1 0.0111758322 
30 303104 2 0.0127837522 
30 303104 3 0.0098621456 
30 311296 1 0.0097216591 
30 311296 2 0.0165815973 
30 311296 3 0.0095693039 
30 319488 1 0.0089564677 
30 319488 2 0.0101021237 
30 319488 3 0.0053869453 
30 327680 1 0.0104766622 
30 327680 2 0.0182977528 
30 327680 3 0.0067283777 
30 335872 1 0.0091132595 
30 335872 2 0.0124665007 
30 335872 3 0.0132539104 
30 344064 1 0.0115380394 
30 344064 2 0.0178537999 
30 344064 3 0.0070814482 
30 352256 1 0.0122625521 
30 352256 2 0.0237146590 
30 352256 3 0.0063942431 
30 360448 1 0.0105010333 
30 360448 2 0.0136220437 
30 360448 3 0.0049034858 
30 368640 1 0.0084351649 
30 368640 2 0.0145991958 
30 368640 3 0.0141844317 
30 376832 1 0.0097353306 
30 376832 2 0.0144394942 
30 376832 3 0.0072974971 
30 385024 1 0.0160593208 
30 385024 2 0.0246834149 
30 385024 3 0.0121466934 
30 393216 1 0.0110293318 
30 393216 2 0.0237233111 
30 393216 3 0.0069682868 
30 401408 1 0.0101405940 
30 401408 2 0.0134786056 
30 401408 3 0.0107971128 
30 409600 1 0.0120679262 
30 409600 2 0.0138921645 
30 409600 3 0.0072066013 
30 417792 1 0.0116488449 
30 417792 2 0.0168508018 
30 417792 3 0.0148694344 
30 425984 1 0.0134343118 
30 425984 2 0.0224481689 
30 425984 3 0.0086821102 
30 434176 1 0.0179946723 
30 434176 2 0.0259595294 
30 434176 3 0.0062689188 
30 442368 1 0.0079605560 
30 442368 2 0.0185551459 
30 442368 3 0.0068918327 
30 450560 1 0.0070761186 
30 450560 2 0.0148664136 
30 450560 3 0.0060256171 
30 458752 1 0.0075458814 
30 458752 2 0.0152203993 
30 458752 3 0.0062986871 
30 466944 1 0.0075086956 
30 466944 2 0.0214554151 
30 466944 3 0.0181306857 
30 475136 1 0.0123799254 
30 475136 2 0.0191348949 
30 475136 3 0.0073529365 
30 483328 1 0.0117900572 
30 483328 2 0.0269141007 
30 483328 3 0.0201587215 
30 491520 1 0.0102636034 
30 491520 2 0.0195603349 
30 491520 3 0.0065758891 
30 499712 1 0.0077802673 
30 499712 2 0.0173982512 
30 499712 3 0.0068325044 
30 507904 1 0.0079167266 
30 507904 2 0.0180560853 
30 507904 3 0.0068068073 
30 516096 1 0.0102698606 
30 516096 2 0.0268631705 
30 516096 3 0.0134803120 
30 524288 1 0.0121650605 
30 524288 2 0.0323853188 
30 524288 3 0.0140203276 
30 532480 1 0.0172673535 
30 532480 2 0.0203805275 
30 532480 3 0.0072647447 
30 540672 1 0.0083649945 
30 540672 2 0.0178248821 
30 540672 3 0.0073845882 
30 548864 1 0.0092348833 
30 548864 2 0.0183083269 
30 548864 3 0.0075205575 
30 557056 1 0.0085318156 
30 557056 2 0.0220782960 
30 557056 3 0.0103585711 
30 565248 1 0.0132672543 
30 565248 2 0.0274487723 
30 565248 3 0.0162465544 
30 573440 1 0.0157849575 
30 573440 2 0.0242045596 
30 573440 3 0.0102555908 
30 581632 1 0.0089536791 
30 581632 2 0.0203840045 
30 581632 3 0.0076911035 
30 589824 1 0.0085358435 
30 589824 2 0.0204387984 
30 589824 3 0.0200555089 
30 598016 1 0.0165961196 
30 598016 2 0.0327576739 
30 598016 3 0.0179989541 
30 606208 1 0.0152093169 
30 606208 2 0.0300194536 
30 606208 3 0.0122613674 
30 614400 1 0.0094927934 
30 614400 2 0.0206791763 
30 614400 3 0.0134316479 
30 622592 1 0.0134334964 
30 622592 2 0.0207056515 
30 622592 3 0.0081205450 
30 630784 1 0.0147467816 
30 630784 2 0.0348747718 
30 630784 3 0.0162199426 
30 638976 1 0.0134057585 
30 638976 2 0.0218132377 
30 638976 3 0.0084553279 
30 647168 1 0.0095763704 
30 647168 2 0.0214470551 
30 647168 3 0.0111191455 
30 655360 1 0.0150992254 
30 655360 2 0.0267031113 
30 655360 3 0.0087625058 
30 663552 1 0.0154334576 
30 663552 2 0.0231708499 
30 663552 3 0.0123507462 
30 671744 1 0.0114616169 
30 671744 2 0.0223130693 
30 671744 3 0.0129117135 
30 679936 1 0.0231208377 
30 679936 2 0.0397042816 
30 679936 3 0.0194908393 
30 688128 1 0.0160273919 
30 688128 2 0.0413493653 
30 688128 3 0.0091889548 
30 696320 1 0.0147275256 
30 696320 2 0.0281181724 
30 696320 3 0.0152398507 
30 704512 1 0.0149946993 
30 704512 2 0.0306293983 
30 704512 3 0.0147558679 
30 712704 1 0.0181291560 
30 712704 2 0.0394246047 
30 712704 3 0.0106228265 
30 720896 1 0.0147440483 
30 720896 2 0.0355328060 
30 720896 3 0.0130486590 
30 729088 1 0.0157913137 
30 729088 2 0.0296287736 
30 729088 3 0.0200964271 
30 737280 1 0.0159031570 
30 737280 2 0.0387228521 
30 737280 3 0.0158786941 
30 745472 1 0.0156798979 
30 745472 2 0.0310757838 
30 745472 3 0.0097781428 
30 753664 1 0.0113677857 
30 753664 2 0.0282230255 
30 753664 3 0.0098669006 
30 761856 1 0.0141481113 
30 761856 2 0.0328454906 
30 761856 3 0.0207488833 
30 770048 1 0.0178296757 
30 770048 2 0.0413081771 
30 770048 3 0.0128944812 
30 778240 1 0.0117996010 
30 778240 2 0.0303210112 
30 778240 3 0.0124446829 
30 786432 1 0.0165976898 
30 786432 2 0.0347033317 
30 786432 3 0.0159045322 
30 794624 1 0.0119658641 
30 794624 2 0.0295691932 
30 794624 3 0.0218803501 
30 802816 1 0.0142822558 
30 802816 2 0.0447216803 
30 802816 3 0.0107611944 
30 811008 1 0.0140019710 
30 811008 2 0.0292003662 
30 811008 3 0.0132712175 
30 819200 1 0.0131527057 
30 819200 2 0.0295134063 
30 819200 3 0.0182786089 
30 827392 1 0.0202442494 
30 827392 2 0.0358055209 
30 827392 3 0.0267583171 
30 835584 1 0.0215729468 
30 835584 2 0.0304112310 
30 835584 3 0.0110369193 
30 843776 1 0.0214862988 
30 843776 2 0.0354608930 
30 843776 3 0.0215414800 
30 851968 1 0.0124333687 
30 851968 2 0.0315475073 
30 851968 3 0.0213896132 
30 860160 1 0.0209233738 
30 860160 2 0.0423720142 
30 860160 3 0.0183420256 
30 868352 1 0.0174465675 
30 868352 2 0.0311160445 
30 868352 3 0.0217480351 
30 876544 1 0.0129620845 
30 876544 2 0.0321840376 
30 876544 3 0.0199153692 
30 884736 1 0.0213410978 
30 884736 2 0.0461805546 
30 884736 3 0.0116542252 
30 892928 1 0.0138365358 
30 892928 2 0.0323476114 
30 892928 3 0.0118466650 
30 901120 1 0.0168883220 
30 901120 2 0.0323875056 
30 901120 3 0.0117063228 
30 909312 1 0.0128253282 
30 909312 2 0.0432909419 
30 909312 3 0.0186372479 
30 917504 1 0.0225235880 
30 917504 2 0.0527711749 
30 917504 3 0.0182512518 
30 925696 1 0.0128158963 
30 925696 2 0.0341930601 
30 925696 3 0.0135157000 
30 933888 1 0.0191733681 
30 933888 2 0.0450937029 
30 933888 3 0.0250449601 
30 942080 1 0.0191708205 
30 942080 2 0.0467172835 
30 942080 3 0.0270847231 
30 950272 1 0.0134979209 
30 950272 2 0.0360232293 
30 950272 3 0.0124905159 
30 958464 1 0.0137780652 
30 958464 2 0.0424169103 
30 958464 3 0.0235376940 
30 966656 1 0.0184299592 
30 966656 2 0.0542979563 
30 966656 3 0.0255253626 
30 974848 1 0.0150971941 
30 974848 2 0.0393642502 
30 974848 3 0.0209590614 
30 983040 1 0.0188861733 
30 983040 2 0.0363703230 
30 983040 3 0.0227315843 
30 991232 1 0.0233651749 
30 991232 2 0.0439359865 
30 991232 3 0.0204503843 
30 999424 1 0.0219555640 
30 999424 2 0.0369386215 
30 999424 3 0.0128903009 
30 1007616 1 0.0264377112 
30 1007616 2 0.0367242902 
30 1007616 3 0.0363812853 
30 1015808 1 0.0247274293 
30 1015808 2 0.0398566022 
30 1015808 3 0.0129339121 
30 1024000 1 0.0141542231 
30 1024000 2 0.0454402629 
30 1024000 3 0.0239226250 
30 1032192 1 0.0257974733 
30 1032192 2 0.0337277150 
30 1032192 3 0.0249486565 
30 1040384 1 0.0247175028 
30 1040384 2 0.0357895137 
30 1040384 3 0.0137223875 
30 1048576 1 0.0214383161 
30 1048576 2 0.0469644137 
30 1048576 3 0.0229591699 
